生成启动时间为 10/24/2016 9:44:29 PM。
     1>项目“c:\Users\administrator\documents\visual studio 2010\Projects\fg\fg\fg.vcxproj”在节点 2 上(build 个目标)。
     1>InitializeBuildStatus:
         正在创建“Debug\fg.unsuccessfulbuild”，因为已指定“AlwaysCreate”。
       ClCompile:
         d:\visual studio2010\ProductDocumentation\visual stdio 2010.安装\VC\bin\CL.exe /c /ZI /nologo /W3 /WX- /Od /Oy- /D _MBCS /Gm /EHsc /RTC1 /MDd /GS /fp:precise /Zc:wchar_t /Zc:forScope /Fo"Debug\\" /Fd"Debug\vc100.pdb" /Gd /TC /analyze- /errorReport:prompt fg.c
         fg.c
     1>c:\users\administrator\documents\visual studio 2010\projects\fg\fg\fg.c(14): warning C4996: 'scanf': This function or variable may be unsafe. Consider using scanf_s instead. To disable deprecation, use _CRT_SECURE_NO_WARNINGS. See online help for details.
                 d:\visual studio2010\productdocumentation\visual stdio 2010.安装\vc\include\stdio.h(304) : 参见“scanf”的声明
     1>c:\users\administrator\documents\visual studio 2010\projects\fg\fg\fg.c(10): warning C4700: 使用了未初始化的局部变量“status”
     1>c:\users\administrator\documents\visual studio 2010\projects\fg\fg\fg.c(12): warning C4700: 使用了未初始化的局部变量“num”
       Link:
         d:\visual studio2010\ProductDocumentation\visual stdio 2010.安装\VC\bin\link.exe /ERRORREPORT:PROMPT /OUT:"c:\users\administrator\documents\visual studio 2010\Projects\fg\Debug\fg.exe" /NOLOGO kernel32.lib user32.lib gdi32.lib winspool.lib comdlg32.lib advapi32.lib shell32.lib ole32.lib oleaut32.lib uuid.lib odbc32.lib odbccp32.lib /MANIFEST /ManifestFile:"Debug\fg.exe.intermediate.manifest" /MANIFESTUAC:"level='asInvoker' uiAccess='false'" /DEBUG /PDB:"c:\users\administrator\documents\visual studio 2010\Projects\fg\Debug\fg.pdb" /TLBID:1 /DYNAMICBASE /NXCOMPAT /IMPLIB:"c:\users\administrator\documents\visual studio 2010\Projects\fg\Debug\fg.lib" /MACHINE:X86 Debug\fg.obj
         LINK : 没有找到 c:\users\administrator\documents\visual studio 2010\Projects\fg\Debug\fg.exe 或上一个增量链接没有生成它；正在执行完全链接
         fg.vcxproj -> c:\users\administrator\documents\visual studio 2010\Projects\fg\Debug\fg.exe
       Manifest:
         C:\Program Files (x86)\Microsoft SDKs\Windows\v7.0A\bin\mt.exe /nologo /verbose /outputresource:"c:\users\administrator\documents\visual studio 2010\Projects\fg\Debug\fg.exe;#1" /manifest Debug\fg.exe.intermediate.manifest
       FinalizeBuildStatus:
         正在删除文件“Debug\fg.unsuccessfulbuild”。
         正在对“Debug\fg.lastbuildstate”执行 Touch 任务。
     1>已完成生成项目“c:\Users\administrator\documents\visual studio 2010\Projects\fg\fg\fg.vcxproj”(build 个目标)的操作。

生成成功。

已用时间 00:00:00.75
