生成启动时间为 10/24/2016 10:07:47 PM。
     1>项目“c:\Users\administrator\documents\visual studio 2010\Projects\scan\scan\scan.vcxproj”在节点 2 上(build 个目标)。
     1>PrepareForBuild:
         正在创建目录“c:\users\administrator\documents\visual studio 2010\Projects\scan\Debug\”。
       InitializeBuildStatus:
         正在创建“Debug\scan.unsuccessfulbuild”，因为已指定“AlwaysCreate”。
       ClCompile:
         d:\visual studio2010\ProductDocumentation\visual stdio 2010.安装\VC\bin\CL.exe /c /ZI /nologo /W3 /WX- /Od /Oy- /D _MBCS /Gm /EHsc /RTC1 /MDd /GS /fp:precise /Zc:wchar_t /Zc:forScope /Fo"Debug\\" /Fd"Debug\vc100.pdb" /Gd /TC /analyze- /errorReport:prompt scan.c
         scan.c
     1>c:\users\administrator\documents\visual studio 2010\projects\scan\scan\scan.c(9): warning C4996: 'scanf': This function or variable may be unsafe. Consider using scanf_s instead. To disable deprecation, use _CRT_SECURE_NO_WARNINGS. See online help for details.
                 d:\visual studio2010\productdocumentation\visual stdio 2010.安装\vc\include\stdio.h(304) : 参见“scanf”的声明
     1>c:\users\administrator\documents\visual studio 2010\projects\scan\scan\scan.c(14): warning C4996: 'scanf': This function or variable may be unsafe. Consider using scanf_s instead. To disable deprecation, use _CRT_SECURE_NO_WARNINGS. See online help for details.
                 d:\visual studio2010\productdocumentation\visual stdio 2010.安装\vc\include\stdio.h(304) : 参见“scanf”的声明
       Link:
         d:\visual studio2010\ProductDocumentation\visual stdio 2010.安装\VC\bin\link.exe /ERRORREPORT:PROMPT /OUT:"c:\users\administrator\documents\visual studio 2010\Projects\scan\Debug\scan.exe" /NOLOGO kernel32.lib user32.lib gdi32.lib winspool.lib comdlg32.lib advapi32.lib shell32.lib ole32.lib oleaut32.lib uuid.lib odbc32.lib odbccp32.lib /MANIFEST /ManifestFile:"Debug\scan.exe.intermediate.manifest" /MANIFESTUAC:"level='asInvoker' uiAccess='false'" /DEBUG /PDB:"c:\users\administrator\documents\visual studio 2010\Projects\scan\Debug\scan.pdb" /TLBID:1 /DYNAMICBASE /NXCOMPAT /IMPLIB:"c:\users\administrator\documents\visual studio 2010\Projects\scan\Debug\scan.lib" /MACHINE:X86 Debug\scan.obj
         scan.vcxproj -> c:\users\administrator\documents\visual studio 2010\Projects\scan\Debug\scan.exe
       Manifest:
         C:\Program Files (x86)\Microsoft SDKs\Windows\v7.0A\bin\mt.exe /nologo /verbose /outputresource:"c:\users\administrator\documents\visual studio 2010\Projects\scan\Debug\scan.exe;#1" /manifest Debug\scan.exe.intermediate.manifest
       FinalizeBuildStatus:
         正在删除文件“Debug\scan.unsuccessfulbuild”。
         正在对“Debug\scan.lastbuildstate”执行 Touch 任务。
     1>已完成生成项目“c:\Users\administrator\documents\visual studio 2010\Projects\scan\scan\scan.vcxproj”(build 个目标)的操作。

生成成功。

已用时间 00:00:02.57
